<?xml version="1.0" encoding="UTF-8"?>
<!-- Generated by org.testng.reporters.JUnitXMLReporter -->
<testsuite hostname="DESKTOP-C37E15E" ignored="0" name="Test" tests="2" failures="1" timestamp="30 Aug 2020 09:59:53 GMT" time="49.194" errors="0">
  <testcase name="cases" time="37.385" classname="SpiceTest.SpiceJet.SpTest"/>
  <testcase name="cool" time="0.004" classname="SpiceTest.SpiceJet.ClassTest">
    <failure type="java.lang.NullPointerException">
      <![CDATA[java.lang.NullPointerException
	at SpiceTest.SpiceJet.ClassTest.cool(ClassTest.java:22)
... Removed 29 stack frames]]>
    </failure>
  </testcase> <!-- cool -->
</testsuite> <!-- Test -->
