-------------------------------------------------------------------------------
Test set: TestSuite
-------------------------------------------------------------------------------
Tests run: 2, Failures: 1, Errors: 0, Skipped: 0, Time elapsed: 64.977 s <<< FAILURE! - in TestSuite
SpiceTest.SpiceJet.ClassTest.cool  Time elapsed: 0.049 s  <<< FAILURE!
java.lang.NullPointerException
	at SpiceTest.SpiceJet.ClassTest.cool(ClassTest.java:22)

